<?xml version="1.0" encoding="UTF-8"?>
<!-- Generated by org.testng.reporters.JUnitReportReporter -->
<testsuite hostname="LAPTOP-2IP1EN62" failures="0" tests="1" name="test.day1" time="0.017" errors="0" timestamp="2023-03-30T20:50:00 IST" skipped="0">
  <testcase classname="test.day1" name="Demo" time="0.017"/>
  <system-out/>
</testsuite> <!-- test.day1 -->
