<?xml version="1.0" encoding="UTF-8"?>
<!-- Generated by org.testng.reporters.JUnitReportReporter -->
<testsuite hostname="LAPTOP-2IP1EN62" failures="0" tests="3" name="test.day4" time="0.009" errors="0" timestamp="2023-03-30T20:50:00 IST" skipped="0">
  <testcase classname="test.day4" name="LoginAPIHomeLoan" time="0.005"/>
  <system-out/>
  <testcase classname="test.day4" name="WebloginHomeLoan" time="0.002"/>
  <system-out/>
  <testcase classname="test.day4" name="MobileLoginHomeLoan" time="0.002"/>
  <system-out/>
</testsuite> <!-- test.day4 -->
